<?xml version="1.0" encoding="UTF-8"?>
<!-- Generated by org.testng.reporters.JUnitXMLReporter -->
<testsuite hostname="LAPTOP-U74TRLLP" name="Default test" tests="4" failures="0" timestamp="28 Nov 2020 18:11:42 GMT" time="1.54" errors="0">
  <testcase name="@BeforeTest setupBrowser" time="0.0" classname="Sir.com.TestScripts.TestScript1Login">
    <failure type="org.testng.TestNGException" message="
Parameter &amp;apos;browser1&amp;apos; is required by @Configuration on method setupBrowser but has not been marked @Optional or defined
in C:\Users\SHAIK GOUSE AHMAD\AppData\Local\Temp\testng-eclipse-1190773066\testng-customsuite.xml">
      <![CDATA[org.testng.TestNGException: 
Parameter 'browser1' is required by @Configuration on method setupBrowser but has not been marked @Optional or defined
in C:\Users\SHAIK GOUSE AHMAD\AppData\Local\Temp\testng-eclipse-1190773066\testng-customsuite.xml
	at org.testng.internal.Parameters.createParameters(Parameters.java:156)
	at org.testng.internal.Parameters.createParameters(Parameters.java:363)
	at org.testng.internal.Parameters.createConfigurationParameters(Parameters.java:86)
	at org.testng.internal.Invoker.invokeConfigurations(Invoker.java:202)
	at org.testng.internal.Invoker.invokeConfigurations(Invoker.java:143)
	at org.testng.TestRunner.beforeRun(TestRunner.java:624)
	at org.testng.TestRunner.run(TestRunner.java:592)
	at org.testng.SuiteRunner.runTest(SuiteRunner.java:366)
	at org.testng.SuiteRunner.runSequentially(SuiteRunner.java:361)
	at org.testng.SuiteRunner.privateRun(SuiteRunner.java:319)
	at org.testng.SuiteRunner.run(SuiteRunner.java:268)
	at org.testng.SuiteRunnerWorker.runSuite(SuiteRunnerWorker.java:52)
	at org.testng.SuiteRunnerWorker.run(SuiteRunnerWorker.java:86)
	at org.testng.TestNG.runSuitesSequentially(TestNG.java:1264)
	at org.testng.TestNG.runSuitesLocally(TestNG.java:1189)
	at org.testng.TestNG.runSuites(TestNG.java:1104)
	at org.testng.TestNG.run(TestNG.java:1076)
	at org.testng.remote.AbstractRemoteTestNG.run(AbstractRemoteTestNG.java:126)
	at org.testng.remote.RemoteTestNG.initAndRun(RemoteTestNG.java:152)
	at org.testng.remote.RemoteTestNG.main(RemoteTestNG.java:57)
]]>
    </failure>
  </testcase> <!-- @BeforeTest setupBrowser -->
  <testcase name="@AfterTest closeBrowser" time="0.0" classname="Sir.com.TestScripts.TestScript1Login">
    <skipped/>
  </testcase> <!-- @AfterTest closeBrowser -->
  <testcase name="testLoginPage" time="0.008" classname="Sir.com.TestScripts.TestScript1Login">
    <skipped/>
  </testcase> <!-- testLoginPage -->
  <testcase name="testLoginPage" time="0.001" classname="Sir.com.TestScripts.TestScript1Login">
    <skipped/>
  </testcase> <!-- testLoginPage -->
  <testcase name="testLoginPage" time="0.001" classname="Sir.com.TestScripts.TestScript1Login">
    <skipped/>
  </testcase> <!-- testLoginPage -->
  <testcase name="testLoginPage" time="0.001" classname="Sir.com.TestScripts.TestScript1Login">
    <skipped/>
  </testcase> <!-- testLoginPage -->
</testsuite> <!-- Default test -->
